-outxml
-source
1.6
-target
1.6
-classpath
/Users/apple/.m2/repository/agentspring/agentspring-engine/1.0.0-SNAPSHOT/agentspring-engine-1.0.0-SNAPSHOT.jar:/Users/apple/.m2/repository/agentspring/agentspring-facade/1.0.0-SNAPSHOT/agentspring-facade-1.0.0-SNAPSHOT.jar:/Users/apple/.m2/repository/antlr/antlr/2.7.7/antlr-2.7.7.jar:/Users/apple/.m2/repository/aopalliance/aopalliance/1.0/aopalliance-1.0.jar:/Users/apple/.m2/repository/asm/asm/3.2/asm-3.2.jar:/Users/apple/.m2/repository/asm/asm-analysis/3.2/asm-analysis-3.2.jar:/Users/apple/.m2/repository/asm/asm-commons/3.2/asm-commons-3.2.jar:/Users/apple/.m2/repository/asm/asm-tree/3.2/asm-tree-3.2.jar:/Users/apple/.m2/repository/asm/asm-util/3.2/asm-util-3.2.jar:/Users/apple/.m2/repository/cglib/cglib/2.2/cglib-2.2.jar:/Users/apple/.m2/repository/colt/colt/1.2.0/colt-1.2.0.jar:/Users/apple/.m2/repository/com/google/code/gson/gson/1.4/gson-1.4.jar:/Users/apple/.m2/repository/com/google/collections/google-collections/1.0/google-collections-1.0.jar:/Users/apple/.m2/repository/com/googlecode/jcsv/jcsv/1.4.0/jcsv-1.4.0.jar:/Users/apple/.m2/repository/com/hp/hpl/jena/arq/2.8.8/arq-2.8.8.jar:/Users/apple/.m2/repository/com/hp/hpl/jena/iri/0.8/iri-0.8.jar:/Users/apple/.m2/repository/com/hp/hpl/jena/jena/2.6.4/jena-2.6.4.jar:/Users/apple/.m2/repository/com/ibm/icu/icu4j/3.4.4/icu4j-3.4.4.jar:/Users/apple/.m2/repository/com/tinkerpop/pipes/0.9/pipes-0.9.jar:/Users/apple/.m2/repository/com/tinkerpop/blueprints/blueprints-core/1.2/blueprints-core-1.2.jar:/Users/apple/.m2/repository/com/tinkerpop/blueprints/blueprints-neo4j-graph/1.2/blueprints-neo4j-graph-1.2.jar:/Users/apple/.m2/repository/com/tinkerpop/gremlin/gremlin-groovy/1.4/gremlin-groovy-1.4.jar:/Users/apple/.m2/repository/com/tinkerpop/gremlin/gremlin-java/1.4/gremlin-java-1.4.jar:/Users/apple/.m2/repository/commons-dbcp/commons-dbcp/1.4/commons-dbcp-1.4.jar:/Users/apple/.m2/repository/commons-pool/commons-pool/1.5.4/commons-pool-1.5.4.jar:/Users/apple/.m2/repository/concurrent/concurrent/1.3.4/concurrent-1.3.4.jar:/Users/apple/.m2/repository/cplex/cplex/12.6.2/cplex-12.6.2.jar:/Users/apple/.m2/repository/dom4j/dom4j/1.6/dom4j-1.6.jar:/Users/apple/.m2/repository/javassist/javassist/3.8.0.GA/javassist-3.8.0.GA.jar:/Users/apple/.m2/repository/javax/activation/activation/1.1/activation-1.1.jar:/Users/apple/.m2/repository/javax/mail/mail/1.4/mail-1.4.jar:/Users/apple/.m2/repository/javax/servlet/servlet-api/2.5/servlet-api-2.5.jar:/Users/apple/.m2/repository/javax/validation/validation-api/1.0.0.GA/validation-api-1.0.0.GA.jar:/Users/apple/.m2/repository/jline/jline/0.9.94/jline-0.9.94.jar:/Users/apple/.m2/repository/log4j/log4j/1.2.15/log4j-1.2.15.jar:/Users/apple/.m2/repository/net/sf/flexjson/flexjson/2.1/flexjson-2.1.jar:/Users/apple/.m2/repository/org/apache/commons/commons-math/2.1/commons-math-2.1.jar:/Users/apple/.m2/repository/org/apache/geronimo/specs/geronimo-jta_1.1_spec/1.1.1/geronimo-jta_1.1_spec-1.1.1.jar:/Users/apple/.m2/repository/org/apache/lucene/lucene-core/3.5.0/lucene-core-3.5.0.jar:/Users/apple/.m2/repository/org/apache/servicemix/bundles/org.apache.servicemix.bundles.netty/3.2.5.Final_1/org.apache.servicemix.bundles.netty-3.2.5.Final_1.jar:/Users/apple/.m2/repository/org/apache/zookeeper/zookeeper/3.3.2/zookeeper-3.3.2.jar:/Users/apple/.m2/repository/org/aspectj/aspectjrt/1.6.12/aspectjrt-1.6.12.jar:/Users/apple/.m2/repository/org/codehaus/groovy/groovy/1.8.5/groovy-1.8.5.jar:/Users/apple/.m2/repository/org/codehaus/jackson/jackson-core-asl/1.8.5/jackson-core-asl-1.8.5.jar:/Users/apple/.m2/repository/org/codehaus/jackson/jackson-jaxrs/1.8.5/jackson-jaxrs-1.8.5.jar:/Users/apple/.m2/repository/org/codehaus/jackson/jackson-mapper-asl/1.8.5/jackson-mapper-asl-1.8.5.jar:/Users/apple/.m2/repository/org/codehaus/jettison/jettison/1.3/jettison-1.3.jar:/Users/apple/.m2/repository/org/codehaus/woodstox/wstx-asl/3.2.9/wstx-asl-3.2.9.jar:/Users/apple/.m2/repository/org/fusesource/jansi/jansi/1.5/jansi-1.5.jar:/Users/apple/.m2/repository/org/hibernate/javax/persistence/hibernate-jpa-2.0-api/1.0.0.Final/hibernate-jpa-2.0-api-1.0.0.Final.jar:/Users/apple/.m2/repository/org/hsqldb/hsqldb/2.2.4/hsqldb-2.2.4.jar:/Users/apple/.m2/repository/org/neo4j/neo4j/1.6/neo4j-1.6.jar:/Users/apple/.m2/repository/org/neo4j/neo4j/1.6.1/neo4j-1.6.1.pom:/Users/apple/.m2/repository/org/neo4j/neo4j-backup/1.6.1/neo4j-backup-1.6.1.jar:/Users/apple/.m2/repository/org/neo4j/neo4j-com/1.6.1/neo4j-com-1.6.1.jar:/Users/apple/.m2/repository/org/neo4j/neo4j-cypher/1.6.1/neo4j-cypher-1.6.1.jar:/Users/apple/.m2/repository/org/neo4j/neo4j-cypher-dsl/1.6/neo4j-cypher-dsl-1.6.jar:/Users/apple/.m2/repository/org/neo4j/neo4j-graph-algo/1.6/neo4j-graph-algo-1.6.jar:/Users/apple/.m2/repository/org/neo4j/neo4j-graph-matching/1.6/neo4j-graph-matching-1.6.jar:/Users/apple/.m2/repository/org/neo4j/neo4j-ha/1.6.1/neo4j-ha-1.6.1.jar:/Users/apple/.m2/repository/org/neo4j/neo4j-jmx/1.6/neo4j-jmx-1.6.jar:/Users/apple/.m2/repository/org/neo4j/neo4j-kernel/1.6/neo4j-kernel-1.6.jar:/Users/apple/.m2/repository/org/neo4j/neo4j-lucene-index/1.6/neo4j-lucene-index-1.6.jar:/Users/apple/.m2/repository/org/neo4j/neo4j-management/1.6.1/neo4j-management-1.6.1.jar:/Users/apple/.m2/repository/org/neo4j/neo4j-udc/1.6/neo4j-udc-1.6.jar:/Users/apple/.m2/repository/org/reflections/reflections/0.9.5-RC2/reflections-0.9.5-RC2.jar:/Users/apple/.m2/repository/org/scala-lang/scala-library/2.9.0-1/scala-library-2.9.0-1.jar:/Users/apple/.m2/repository/org/slf4j/jcl-over-slf4j/1.6.1/jcl-over-slf4j-1.6.1.jar:/Users/apple/.m2/repository/org/slf4j/slf4j-api/1.6.1/slf4j-api-1.6.1.jar:/Users/apple/.m2/repository/org/slf4j/slf4j-log4j12/1.6.1/slf4j-log4j12-1.6.1.jar:/Users/apple/.m2/repository/org/springframework/spring-aop/3.0.7.RELEASE/spring-aop-3.0.7.RELEASE.jar:/Users/apple/.m2/repository/org/springframework/spring-asm/3.0.7.RELEASE/spring-asm-3.0.7.RELEASE.jar:/Users/apple/.m2/repository/org/springframework/spring-aspects/3.0.7.RELEASE/spring-aspects-3.0.7.RELEASE.jar:/Users/apple/.m2/repository/org/springframework/spring-beans/3.0.7.RELEASE/spring-beans-3.0.7.RELEASE.jar:/Users/apple/.m2/repository/org/springframework/spring-context/3.0.7.RELEASE/spring-context-3.0.7.RELEASE.jar:/Users/apple/.m2/repository/org/springframework/spring-context-support/3.0.7.RELEASE/spring-context-support-3.0.7.RELEASE.jar:/Users/apple/.m2/repository/org/springframework/spring-core/3.0.7.RELEASE/spring-core-3.0.7.RELEASE.jar:/Users/apple/.m2/repository/org/springframework/spring-expression/3.0.7.RELEASE/spring-expression-3.0.7.RELEASE.jar:/Users/apple/.m2/repository/org/springframework/spring-jdbc/3.0.7.RELEASE/spring-jdbc-3.0.7.RELEASE.jar:/Users/apple/.m2/repository/org/springframework/spring-orm/3.0.7.RELEASE/spring-orm-3.0.7.RELEASE.jar:/Users/apple/.m2/repository/org/springframework/spring-test/3.0.7.RELEASE/spring-test-3.0.7.RELEASE.jar:/Users/apple/.m2/repository/org/springframework/spring-tx/3.0.7.RELEASE/spring-tx-3.0.7.RELEASE.jar:/Users/apple/.m2/repository/org/springframework/data/spring-data-commons-core/1.2.1.RELEASE/spring-data-commons-core-1.2.1.RELEASE.jar:/Users/apple/.m2/repository/org/springframework/data/spring-data-neo4j/2.0.1.RELEASE/spring-data-neo4j-2.0.1.RELEASE.jar:/Users/apple/.m2/repository/org/springframework/data/spring-data-neo4j-aspects/2.0.1.RELEASE/spring-data-neo4j-aspects-2.0.1.RELEASE.jar:/Users/apple/.m2/repository/stax/stax-api/1.0.1/stax-api-1.0.1.jar:/Users/apple/.m2/repository/xerces/xercesImpl/2.7.1/xercesImpl-2.7.1.jar:/Users/apple/.m2/repository/xml-apis/xml-apis/1.0.b2/xml-apis-1.0.b2.jar:/Users/apple/emlab-generation/target/classes
-aspectpath
/Users/apple/.m2/repository/org/springframework/spring-aspects/3.0.7.RELEASE/spring-aspects-3.0.7.RELEASE.jar:/Users/apple/.m2/repository/org/springframework/data/spring-data-neo4j-aspects/2.0.1.RELEASE/spring-data-neo4j-aspects-2.0.1.RELEASE.jar
-d
/Users/apple/emlab-generation/target/classes
/Users/apple/emlab-generation/src/main/java/emlab/gen/role/investment/TargetInvestmentRole.java
/Users/apple/emlab-generation/src/main/java/emlab/gen/repository/EnergyProducerRepository.java
/Users/apple/emlab-generation/src/main/java/emlab/gen/domain/agent/Government.java
/Users/apple/emlab-generation/src/main/java/emlab/gen/role/market/ClearIterativeCO2AndElectricitySpotMarketTwoCountryRole.java
/Users/apple/emlab-generation/src/main/java/emlab/gen/domain/agent/StrategicReserveOperator.java
/Users/apple/emlab-generation/src/main/java/emlab/gen/role/capacitymechanisms/ProcessAcceptedPowerPlantDispatchRoleinSR.java
/Users/apple/emlab-generation/src/main/java/emlab/gen/domain/contract/LongTermContractDuration.java
/Users/apple/emlab-generation/src/main/java/emlab/gen/repository/PowerPlantRepository.java
/Users/apple/emlab-generation/src/main/java/emlab/gen/repository/ClearingPointRepositoryOld.java
/Users/apple/emlab-generation/src/main/java/emlab/gen/trend/TimeSeriesCSVReader.java
/Users/apple/emlab-generation/src/main/java/emlab/gen/domain/contract/LongTermContractOffer.java
/Users/apple/emlab-generation/src/main/java/emlab/gen/repository/PowerGeneratingTechnologyNodeLimitRepository.java
/Users/apple/emlab-generation/src/main/java/emlab/gen/role/AbstractEnergyProducerRole.java
/Users/apple/emlab-generation/src/main/java/emlab/gen/domain/technology/PowerPlant.java
/Users/apple/emlab-generation/src/main/java/emlab/gen/role/market/ClearCommodityMarketRole.java
/Users/apple/emlab-generation/src/main/java/emlab/gen/util/Utils.java
/Users/apple/emlab-generation/src/main/java/emlab/gen/domain/agent/EnergyConsumer.java
/Users/apple/emlab-generation/src/main/java/emlab/gen/role/investment/DismantlePowerPlantOperationalLossRole.java
/Users/apple/emlab-generation/src/main/java/emlab/gen/repository/InterconnectorRepository.java
/Users/apple/emlab-generation/src/main/java/emlab/gen/domain/contract/Loan.java
/Users/apple/emlab-generation/src/main/java/emlab/gen/role/market/ProcessAcceptedPowerPlantDispatchRole.java
/Users/apple/emlab-generation/src/main/java/emlab/gen/role/market/SubmitLongTermElectricityContractsRole.java
/Users/apple/emlab-generation/src/main/java/emlab/gen/role/market/SubmitBidsToCommodityMarketRole.java
/Users/apple/emlab-generation/src/main/java/emlab/gen/domain/agent/DecarbonizationModel.java
/Users/apple/emlab-generation/src/main/java/emlab/gen/role/co2policy/RenewableAdaptiveCO2CapRole.java
/Users/apple/emlab-generation/src/main/java/emlab/gen/trend/TriangularTrend.java
/Users/apple/emlab-generation/src/main/java/emlab/gen/role/investment/GenericInvestmentRole.java
/Users/apple/emlab-generation/src/main/java/emlab/gen/util/TrendEstimator.java
/Users/apple/emlab-generation/src/main/java/emlab/gen/domain/market/electricity/Segment.java
/Users/apple/emlab-generation/src/main/java/emlab/gen/domain/technology/PowerGeneratingTechnologyNodeLimit.java
/Users/apple/emlab-generation/src/main/java/emlab/gen/repository/NonTransactionalCreateRepository.java
/Users/apple/emlab-generation/src/main/java/emlab/gen/domain/factory/PowerPlantEntryParser.java
/Users/apple/emlab-generation/src/main/java/emlab/gen/role/capacitymechanisms/StrategicReserveOperatorRole.java
/Users/apple/emlab-generation/src/main/java/emlab/gen/domain/market/electricity/IntermittentTechnologyNodeLoadFactor.java
/Users/apple/emlab-generation/src/main/java/emlab/gen/role/market/MarketVerificationRole.java
/Users/apple/emlab-generation/src/main/java/emlab/gen/trend/LinearTrend.java
/Users/apple/emlab-generation/src/main/java/emlab/gen/role/market/ProcessAcceptedBidsRole.java
/Users/apple/emlab-generation/src/main/java/emlab/gen/repository/CashFlowRepository.java
/Users/apple/emlab-generation/src/main/java/emlab/gen/domain/agent/StochasticTargetInvestor.java
/Users/apple/emlab-generation/src/main/java/emlab/gen/role/investment/DismantlePowerPlantPastTechnicalLifetimeRole.java
/Users/apple/emlab-generation/src/main/java/emlab/gen/domain/gis/Zone.java
/Users/apple/emlab-generation/src/main/java/emlab/gen/repository/ZoneRepository.java
/Users/apple/emlab-generation/src/main/java/emlab/gen/role/operating/DetermineFuelMixRole.java
/Users/apple/emlab-generation/src/main/java/emlab/gen/domain/policy/renewablesupport/RenewableTargetForecast.java
/Users/apple/emlab-generation/src/main/java/emlab/gen/role/operating/PayCO2AuctionRole.java
/Users/apple/emlab-generation/src/main/java/emlab/gen/role/market/ClearHourlyElectricityMarketRole.java
/Users/apple/emlab-generation/src/main/java/emlab/gen/repository/LabeledEdgePipe.java
/Users/apple/emlab-generation/src/main/java/emlab/gen/role/market/ReassignPowerPlantsToLongTermElectricityContractsRole.java
/Users/apple/emlab-generation/src/main/java/emlab/gen/util/FiltersImpl.java
/Users/apple/emlab-generation/src/main/java/emlab/gen/domain/agent/EnergyProducer.java
/Users/apple/emlab-generation/src/main/java/emlab/gen/domain/market/Bid.java
/Users/apple/emlab-generation/src/main/java/emlab/gen/repository/ModelRepository.java
/Users/apple/emlab-generation/src/main/java/emlab/gen/domain/market/electricity/SegmentClearingPoint.java
/Users/apple/emlab-generation/src/main/java/emlab/gen/domain/technology/PowerGridNode.java
/Users/apple/emlab-generation/src/main/java/emlab/gen/domain/technology/SubstanceShareInFuelMix.java
/Users/apple/emlab-generation/src/main/java/emlab/gen/role/market/AbstractMarketRole.java
/Users/apple/emlab-generation/src/main/java/emlab/gen/domain/technology/Interconnector.java
/Users/apple/emlab-generation/src/main/java/emlab/gen/repository/PowerPlantDispatchPlanRepository.java
/Users/apple/emlab-generation/src/main/java/emlab/gen/domain/market/electricity/ElectricitySpotMarket.java
/Users/apple/emlab-generation/src/main/java/emlab/gen/domain/factory/PowerPlantCSVFactory.java
/Users/apple/emlab-generation/src/main/java/emlab/gen/validation/ElectricitySpotMarketClearingRule.java
/Users/apple/emlab-generation/src/main/java/emlab/gen/repository/PowerGeneratingTechnologyRepository.java
/Users/apple/emlab-generation/src/main/java/emlab/gen/repository/IntermittentResourceProfileRepository.java
/Users/apple/emlab-generation/src/main/java/emlab/gen/repository/GenericRepository.java
/Users/apple/emlab-generation/src/main/java/emlab/gen/role/investment/SingleElectricityMarketInformation.java
/Users/apple/emlab-generation/src/main/java/emlab/gen/repository/IntermittentTechnologyNodeLoadFactorRepository.java
/Users/apple/emlab-generation/src/main/java/emlab/gen/role/market/ReceiveLongTermContractPowerRevenuesRole.java
/Users/apple/emlab-generation/src/main/java/emlab/gen/domain/contract/LongTermContract.java
/Users/apple/emlab-generation/src/main/java/emlab/gen/util/BidPriceReverseComparator.java
/Users/apple/emlab-generation/src/main/java/emlab/gen/repository/SegmentLoadRepository.java
/Users/apple/emlab-generation/src/main/java/emlab/gen/domain/market/ClearingPoint.java
/Users/apple/emlab-generation/src/main/java/emlab/gen/domain/agent/CommoditySupplier.java
/Users/apple/emlab-generation/src/main/java/emlab/gen/domain/market/CommodityMarket.java
/Users/apple/emlab-generation/src/main/java/emlab/gen/repository/ContractRepository.java
/Users/apple/emlab-generation/src/main/java/emlab/gen/domain/contract/Contract.java
/Users/apple/emlab-generation/src/main/java/emlab/gen/role/operating/PayForLoansRole.java
/Users/apple/emlab-generation/src/main/java/emlab/gen/repository/LoanRepository.java
/Users/apple/emlab-generation/src/main/java/emlab/gen/validation/StopSimulationValidationRule.java
/Users/apple/emlab-generation/src/main/java/emlab/gen/repository/ClearingPointRepository.java
/Users/apple/emlab-generation/src/main/java/emlab/gen/domain/policy/PowerGeneratingTechnologyTargetFulfillment.java
/Users/apple/emlab-generation/src/main/java/emlab/gen/role/operating/PayOperatingAndMaintainanceCostsRole.java
/Users/apple/emlab-generation/src/main/java/emlab/gen/role/market/AbstractClearElectricitySpotMarketRole.java
/Users/apple/emlab-generation/src/main/java/emlab/gen/repository/SubstanceRepository.java
/Users/apple/emlab-generation/src/main/java/emlab/gen/repository/FinancialPowerPlantReportRepository.java
/Users/apple/emlab-generation/src/main/java/emlab/gen/domain/technology/Substance.java
/Users/apple/emlab-generation/src/main/java/emlab/gen/repository/PowerGenerationTechnologyTargetRepository.java
/Users/apple/emlab-generation/src/main/java/emlab/gen/domain/agent/PowerPlantManufacturer.java
/Users/apple/emlab-generation/src/main/java/emlab/gen/role/investment/InvestWithHistoricalCVar.java
/Users/apple/emlab-generation/src/main/java/emlab/gen/domain/market/electricity/SegmentLoad.java
/Users/apple/emlab-generation/src/main/java/emlab/gen/repository/NationalGovernmentRepository.java
/Users/apple/emlab-generation/src/main/java/emlab/gen/trend/TimeSeriesImpl.java
/Users/apple/emlab-generation/src/main/java/emlab/gen/repository/TargetInvestorRepository.java
/Users/apple/emlab-generation/src/main/java/emlab/gen/role/market/DetermineResidualLoadCurvesForTwoCountriesRole.java
/Users/apple/emlab-generation/src/main/java/emlab/gen/domain/policy/PowerGeneratingTechnologyTarget.java
/Users/apple/emlab-generation/src/main/java/emlab/gen/repository/PowerGridNodeRepository.java
/Users/apple/emlab-generation/src/main/java/emlab/gen/util/MapValueReverseComparator.java
/Users/apple/emlab-generation/src/main/java/emlab/gen/role/co2policy/MarketStabilityReserveRole.java
/Users/apple/emlab-generation/src/main/java/emlab/gen/role/market/SelectLongTermElectricityContractsRole.java
/Users/apple/emlab-generation/src/main/java/emlab/gen/trend/TimeSeriesPropReader.java
/Users/apple/emlab-generation/src/main/java/emlab/gen/role/DecarbonizationModelRole.java
/Users/apple/emlab-generation/src/main/java/emlab/gen/role/market/SubmitOffersToElectricitySpotMarketRole.java
/Users/apple/emlab-generation/src/main/java/emlab/gen/util/PredictionAnalysis.java
/Users/apple/emlab-generation/src/main/java/emlab/gen/domain/contract/CashFlow.java
/Users/apple/emlab-generation/src/main/java/emlab/gen/repository/StrategicReserveOperatorRepository.java
/Users/apple/emlab-generation/src/main/java/emlab/gen/role/investment/InvestInPowerGenerationTechnologiesWithCO2ForecastRole.java
/Users/apple/emlab-generation/src/main/java/emlab/gen/domain/market/CO2Auction.java
/Users/apple/emlab-generation/src/main/java/emlab/gen/domain/agent/NationalGovernment.java
/Users/apple/emlab-generation/src/main/java/emlab/gen/domain/agent/TargetInvestor.java
/Users/apple/emlab-generation/src/main/java/emlab/gen/repository/SegmentRepository.java
/Users/apple/emlab-generation/src/main/java/emlab/gen/domain/agent/DecarbonizationAgent.java
/Users/apple/emlab-generation/src/main/java/emlab/gen/util/GeometricTrendRegression.java
/Users/apple/emlab-generation/src/main/java/emlab/gen/trend/GeometricTrend.java
/Users/apple/emlab-generation/src/main/java/emlab/gen/repository/AbstractRepository.java
/Users/apple/emlab-generation/src/main/java/emlab/gen/repository/MarketRepository.java
/Users/apple/emlab-generation/src/main/java/emlab/gen/util/MapValueComparator.java
/Users/apple/emlab-generation/src/main/java/emlab/gen/role/market/SubmitOffersToCommodityMarketRole.java
/Users/apple/emlab-generation/src/main/java/emlab/gen/repository/DecarbonizationAgentRepository.java
/Users/apple/emlab-generation/src/main/java/emlab/gen/repository/Reps.java
/Users/apple/emlab-generation/src/main/java/emlab/gen/trend/HourlyTimeSeries.java
/Users/apple/emlab-generation/src/main/java/emlab/gen/trend/HourlyCSVTimeSeries.java
/Users/apple/emlab-generation/src/main/java/emlab/gen/role/market/SubmitOffersToElectricitySpotMarketAnnualRole.java
/Users/apple/emlab-generation/src/main/java/emlab/gen/domain/market/CO2MarketClearingPoint.java
/Users/apple/emlab-generation/src/main/java/emlab/gen/util/BidPriceComparator.java
/Users/apple/emlab-generation/src/main/java/emlab/gen/domain/technology/PowerGeneratingTechnology.java
/Users/apple/emlab-generation/src/main/java/emlab/gen/domain/market/electricity/PpdpAnnual.java
/Users/apple/emlab-generation/src/main/java/emlab/gen/domain/agent/BigBank.java
/Users/apple/emlab-generation/src/main/java/emlab/gen/repository/SegmentClearingPointRepository.java
/Users/apple/emlab-generation/src/main/java/emlab/gen/role/investment/StochasticTargetInvestmentRole.java
/Users/apple/emlab-generation/src/main/java/emlab/gen/role/operating/PayCO2TaxRole.java
/Users/apple/emlab-generation/src/main/java/emlab/gen/domain/market/electricity/FinancialPowerPlantReport.java
/Users/apple/emlab-generation/src/main/java/emlab/gen/role/investment/DCFinvestInPowerGenerationTechnologies.java
/Users/apple/emlab-generation/src/main/java/emlab/gen/domain/factory/ElectricityProducerFactory.java
/Users/apple/emlab-generation/src/main/java/emlab/gen/trend/StepTrend.java
/Users/apple/emlab-generation/src/main/java/emlab/gen/role/investment/InvestInPowerGenerationTechnologiesStandard.java
/Users/apple/emlab-generation/src/main/java/emlab/gen/domain/market/DecarbonizationMarket.java
/Users/apple/emlab-generation/src/main/java/emlab/gen/domain/technology/IntermittentResourceProfile.java
/Users/apple/emlab-generation/src/main/java/emlab/gen/domain/agent/PowerPlantMaintainer.java
/Users/apple/emlab-generation/src/main/java/emlab/gen/role/market/CreatingFinancialReports.java
/Users/apple/emlab-generation/src/main/java/emlab/gen/repository/PpdpAnnualRepository.java
/Users/apple/emlab-generation/src/main/java/emlab/gen/repository/BidRepository.java
/Users/apple/emlab-generation/src/main/java/emlab/gen/domain/contract/LongTermContractType.java
/Users/apple/emlab-generation/src/main/java/emlab/gen/role/investment/InvestInPowerGenerationTechnologiesRole.java
/Users/apple/emlab-generation/src/main/java/emlab/gen/domain/market/electricity/PowerPlantDispatchPlan.java
